0 info it worked if it ends with ok
1 verbose cli [ '/usr/local/Cellar/node/8.4.0/bin/node',
1 verbose cli   '/usr/local/bin/npm',
1 verbose cli   'run',
1 verbose cli   'build:client' ]
2 info using npm@3.10.10
3 info using node@v6.11.2
4 verbose run-script [ 'prebuild:client', 'build:client', 'postbuild:client' ]
5 info lifecycle dribbble-clone@1.0.0~prebuild:client: dribbble-clone@1.0.0
6 silly lifecycle dribbble-clone@1.0.0~prebuild:client: no script for prebuild:client, continuing
7 info lifecycle dribbble-clone@1.0.0~build:client: dribbble-clone@1.0.0
8 verbose lifecycle dribbble-clone@1.0.0~build:client: unsafe-perm in lifecycle true
9 verbose lifecycle dribbble-clone@1.0.0~build:client: PATH: /usr/local/lib/node_modules/npm/bin/node-gyp-bin:/Users/andeladeveloper/Desktop/workspace/dribbble-clone/node_modules/.bin:/usr/local/lib/node_modules/npm/bin/node-gyp-bin:/Users/andeladeveloper/Desktop/workspace/dribbble-clone/node_modules/.bin:/usr/local/Cellar/node/8.4.0/bin:/Users/andeladeveloper/.rvm/gems/ruby-2.4.2/bin:/Users/andeladeveloper/.rvm/gems/ruby-2.4.2@global/bin:/Users/andeladeveloper/.rvm/rubies/ruby-2.4.2/bin:/usr/local/bin:/usr/bin:/bin:/usr/sbin:/sbin:/Users/andeladeveloper/.rvm/bin
10 verbose lifecycle dribbble-clone@1.0.0~build:client: CWD: /Users/andeladeveloper/Desktop/workspace/dribbble-clone
11 silly lifecycle dribbble-clone@1.0.0~build:client: Args: [ '-c', 'webpack ./client/js/App.jsx -w' ]
12 silly lifecycle dribbble-clone@1.0.0~build:client: Returned: code: 1  signal: null
13 info lifecycle dribbble-clone@1.0.0~build:client: Failed to exec build:client script
14 verbose stack Error: dribbble-clone@1.0.0 build:client: `webpack ./client/js/App.jsx -w`
14 verbose stack Exit status 1
14 verbose stack     at EventEmitter.<anonymous> (/usr/local/lib/node_modules/npm/lib/utils/lifecycle.js:255:16)
14 verbose stack     at emitTwo (events.js:106:13)
14 verbose stack     at EventEmitter.emit (events.js:191:7)
14 verbose stack     at ChildProcess.<anonymous> (/usr/local/lib/node_modules/npm/lib/utils/spawn.js:40:14)
14 verbose stack     at emitTwo (events.js:106:13)
14 verbose stack     at ChildProcess.emit (events.js:191:7)
14 verbose stack     at maybeClose (internal/child_process.js:891:16)
14 verbose stack     at Process.ChildProcess._handle.onexit (internal/child_process.js:226:5)
15 verbose pkgid dribbble-clone@1.0.0
16 verbose cwd /Users/andeladeveloper/Desktop/workspace/dribbble-clone
17 error Darwin 16.7.0
18 error argv "/usr/local/Cellar/node/8.4.0/bin/node" "/usr/local/bin/npm" "run" "build:client"
19 error node v6.11.2
20 error npm  v3.10.10
21 error code ELIFECYCLE
22 error dribbble-clone@1.0.0 build:client: `webpack ./client/js/App.jsx -w`
22 error Exit status 1
23 error Failed at the dribbble-clone@1.0.0 build:client script 'webpack ./client/js/App.jsx -w'.
23 error Make sure you have the latest version of node.js and npm installed.
23 error If you do, this is most likely a problem with the dribbble-clone package,
23 error not with npm itself.
23 error Tell the author that this fails on your system:
23 error     webpack ./client/js/App.jsx -w
23 error You can get information on how to open an issue for this project with:
23 error     npm bugs dribbble-clone
23 error Or if that isn't available, you can get their info via:
23 error     npm owner ls dribbble-clone
23 error There is likely additional logging output above.
24 verbose exit [ 1, true ]
